2016-08-31 04:09:23 Error: [MissingControllerException] Controller class ConfigController could not be found.
Exception Attributes: array (
  'class' => 'ConfigController',
  'plugin' => NULL,
)
Request URL: /cakephp/config
Stack Trace:
#0 D:\xampp\htdocs\cakephp\app\webroot\index.php(108): Dispatcher->dispatch(Object(CakeRequest), Object(CakeResponse))
#1 {main}
2016-10-04 20:16:31 Error: [MissingViewException] View file "/var/www/html/cakephp/app/View/Clientes/index.ctp" is missing.
Exception Attributes: array (
  'file' => '/var/www/html/cakephp/app/View/Clientes/index.ctp',
)
Request URL: /cakephp/Clientes
Stack Trace:
#0 /var/www/html/cakephp/lib/Cake/View/View.php(463): View->_getViewFileName(NULL)
#1 /var/www/html/cakephp/lib/Cake/Controller/Controller.php(952): View->render(NULL, NULL)
#2 /var/www/html/cakephp/lib/Cake/Routing/Dispatcher.php(192): Controller->render()
#3 /var/www/html/cakephp/lib/Cake/Routing/Dispatcher.php(160): Dispatcher->_invoke(Object(ClientesController), Object(CakeRequest), Object(CakeResponse))
#4 /var/www/html/cakephp/app/webroot/index.php(108): Dispatcher->dispatch(Object(CakeRequest), Object(CakeResponse))
#5 {main}
2016-10-04 20:16:36 Error: [MissingControllerException] Controller class ClienteController could not be found.
Exception Attributes: array (
  'class' => 'ClienteController',
  'plugin' => NULL,
)
Request URL: /cakephp/Cliente
Stack Trace:
#0 /var/www/html/cakephp/app/webroot/index.php(108): Dispatcher->dispatch(Object(CakeRequest), Object(CakeResponse))
#1 {main}
2016-10-04 20:16:40 Error: [MissingControllerException] Controller class ClienteController could not be found.
Exception Attributes: array (
  'class' => 'ClienteController',
  'plugin' => NULL,
)
Request URL: /cakephp/Cliente
Stack Trace:
#0 /var/www/html/cakephp/app/webroot/index.php(108): Dispatcher->dispatch(Object(CakeRequest), Object(CakeResponse))
#1 {main}
2016-10-04 20:16:42 Error: [MissingViewException] View file "/var/www/html/cakephp/app/View/Clientes/index.ctp" is missing.
Exception Attributes: array (
  'file' => '/var/www/html/cakephp/app/View/Clientes/index.ctp',
)
Request URL: /cakephp/Clientes
Stack Trace:
#0 /var/www/html/cakephp/lib/Cake/View/View.php(463): View->_getViewFileName(NULL)
#1 /var/www/html/cakephp/lib/Cake/Controller/Controller.php(952): View->render(NULL, NULL)
#2 /var/www/html/cakephp/lib/Cake/Routing/Dispatcher.php(192): Controller->render()
#3 /var/www/html/cakephp/lib/Cake/Routing/Dispatcher.php(160): Dispatcher->_invoke(Object(ClientesController), Object(CakeRequest), Object(CakeResponse))
#4 /var/www/html/cakephp/app/webroot/index.php(108): Dispatcher->dispatch(Object(CakeRequest), Object(CakeResponse))
#5 {main}
2016-10-04 20:56:47 Error: Fatal Error (4): syntax error, unexpected 'echo' (T_ECHO), expecting ',' or ';' in [/var/www/html/cakephp/app/View/Clientes/editar.ctp, line 8]
2016-10-04 20:56:47 Error: [FatalErrorException] syntax error, unexpected 'echo' (T_ECHO), expecting ',' or ';'
Request URL: /cakephp/Clientes/editar/6
Stack Trace:
#0 /var/www/html/cakephp/lib/Cake/Error/ErrorHandler.php(203): ErrorHandler::handleFatalError(4, 'syntax error, u...', '/var/www/html/c...', 8)
#1 [internal function]: ErrorHandler::handleError(4, 'syntax error, u...', '/var/www/html/c...', 8, Array)
#2 /var/www/html/cakephp/lib/Cake/Core/App.php(929): call_user_func('ErrorHandler::h...', 4, 'syntax error, u...', '/var/www/html/c...', 8, Array)
#3 /var/www/html/cakephp/lib/Cake/Core/App.php(902): App::_checkFatalError()
#4 [internal function]: App::shutdown()
#5 {main}
2016-10-04 20:56:55 Error: Fatal Error (4): syntax error, unexpected 'echo' (T_ECHO), expecting ',' or ';' in [/var/www/html/cakephp/app/View/Clientes/editar.ctp, line 8]
2016-10-04 20:56:55 Error: [FatalErrorException] syntax error, unexpected 'echo' (T_ECHO), expecting ',' or ';'
Request URL: /cakephp/Clientes/editar/5
Stack Trace:
#0 /var/www/html/cakephp/lib/Cake/Error/ErrorHandler.php(203): ErrorHandler::handleFatalError(4, 'syntax error, u...', '/var/www/html/c...', 8)
#1 [internal function]: ErrorHandler::handleError(4, 'syntax error, u...', '/var/www/html/c...', 8, Array)
#2 /var/www/html/cakephp/lib/Cake/Core/App.php(929): call_user_func('ErrorHandler::h...', 4, 'syntax error, u...', '/var/www/html/c...', 8, Array)
#3 /var/www/html/cakephp/lib/Cake/Core/App.php(902): App::_checkFatalError()
#4 [internal function]: App::shutdown()
#5 {main}
2016-10-04 21:09:52 Error: Fatal Error (1): Call to a member function Find() on null in [/var/www/html/cakephp/app/Controller/ClientesController.php, line 59]
2016-10-04 21:09:52 Error: [FatalErrorException] Call to a member function Find() on null
Request URL: /cakephp/Clientes/editar/5
Stack Trace:
#0 /var/www/html/cakephp/lib/Cake/Error/ErrorHandler.php(203): ErrorHandler::handleFatalError(1, 'Call to a membe...', '/var/www/html/c...', 59)
#1 [internal function]: ErrorHandler::handleError(1, 'Call to a membe...', '/var/www/html/c...', 59, Array)
#2 /var/www/html/cakephp/lib/Cake/Core/App.php(929): call_user_func('ErrorHandler::h...', 1, 'Call to a membe...', '/var/www/html/c...', 59, Array)
#3 /var/www/html/cakephp/lib/Cake/Core/App.php(902): App::_checkFatalError()
#4 [internal function]: App::shutdown()
#5 {main}
2016-10-04 21:10:20 Error: Fatal Error (1): Call to a member function Find() on null in [/var/www/html/cakephp/app/Controller/ClientesController.php, line 59]
2016-10-04 21:10:20 Error: [FatalErrorException] Call to a member function Find() on null
Request URL: /cakephp/Clientes/editar/5
Stack Trace:
#0 /var/www/html/cakephp/lib/Cake/Error/ErrorHandler.php(203): ErrorHandler::handleFatalError(1, 'Call to a membe...', '/var/www/html/c...', 59)
#1 [internal function]: ErrorHandler::handleError(1, 'Call to a membe...', '/var/www/html/c...', 59, Array)
#2 /var/www/html/cakephp/lib/Cake/Core/App.php(929): call_user_func('ErrorHandler::h...', 1, 'Call to a membe...', '/var/www/html/c...', 59, Array)
#3 /var/www/html/cakephp/lib/Cake/Core/App.php(902): App::_checkFatalError()
#4 [internal function]: App::shutdown()
#5 {main}
2016-10-04 21:10:40 Error: Fatal Error (1): Call to a member function find() on null in [/var/www/html/cakephp/app/Controller/ClientesController.php, line 59]
2016-10-04 21:10:40 Error: [FatalErrorException] Call to a member function find() on null
Request URL: /cakephp/Clientes/editar/5
Stack Trace:
#0 /var/www/html/cakephp/lib/Cake/Error/ErrorHandler.php(203): ErrorHandler::handleFatalError(1, 'Call to a membe...', '/var/www/html/c...', 59)
#1 [internal function]: ErrorHandler::handleError(1, 'Call to a membe...', '/var/www/html/c...', 59, Array)
#2 /var/www/html/cakephp/lib/Cake/Core/App.php(929): call_user_func('ErrorHandler::h...', 1, 'Call to a membe...', '/var/www/html/c...', 59, Array)
#3 /var/www/html/cakephp/lib/Cake/Core/App.php(902): App::_checkFatalError()
#4 [internal function]: App::shutdown()
#5 {main}
2016-10-04 21:13:19 Error: Fatal Error (1): Call to a member function Find() on null in [/var/www/html/cakephp/app/Controller/ClientesController.php, line 59]
2016-10-04 21:13:19 Error: [FatalErrorException] Call to a member function Find() on null
Request URL: /cakephp/Clientes/editar/5
Stack Trace:
#0 /var/www/html/cakephp/lib/Cake/Error/ErrorHandler.php(203): ErrorHandler::handleFatalError(1, 'Call to a membe...', '/var/www/html/c...', 59)
#1 [internal function]: ErrorHandler::handleError(1, 'Call to a membe...', '/var/www/html/c...', 59, Array)
#2 /var/www/html/cakephp/lib/Cake/Core/App.php(929): call_user_func('ErrorHandler::h...', 1, 'Call to a membe...', '/var/www/html/c...', 59, Array)
#3 /var/www/html/cakephp/lib/Cake/Core/App.php(902): App::_checkFatalError()
#4 [internal function]: App::shutdown()
#5 {main}
2016-10-04 21:15:12 Error: Fatal Error (1): Call to a member function Find() on null in [/var/www/html/cakephp/app/Controller/ClientesController.php, line 59]
2016-10-04 21:15:12 Error: [FatalErrorException] Call to a member function Find() on null
Request URL: /cakephp/Clientes/editar/5
Stack Trace:
#0 /var/www/html/cakephp/lib/Cake/Error/ErrorHandler.php(203): ErrorHandler::handleFatalError(1, 'Call to a membe...', '/var/www/html/c...', 59)
#1 [internal function]: ErrorHandler::handleError(1, 'Call to a membe...', '/var/www/html/c...', 59, Array)
#2 /var/www/html/cakephp/lib/Cake/Core/App.php(929): call_user_func('ErrorHandler::h...', 1, 'Call to a membe...', '/var/www/html/c...', 59, Array)
#3 /var/www/html/cakephp/lib/Cake/Core/App.php(902): App::_checkFatalError()
#4 [internal function]: App::shutdown()
#5 {main}
2016-10-04 21:16:40 Error: Fatal Error (1): Call to a member function find() on null in [/var/www/html/cakephp/app/Controller/ClientesController.php, line 59]
2016-10-04 21:16:40 Error: [FatalErrorException] Call to a member function find() on null
Request URL: /cakephp/Clientes/editar/5
Stack Trace:
#0 /var/www/html/cakephp/lib/Cake/Error/ErrorHandler.php(203): ErrorHandler::handleFatalError(1, 'Call to a membe...', '/var/www/html/c...', 59)
#1 [internal function]: ErrorHandler::handleError(1, 'Call to a membe...', '/var/www/html/c...', 59, Array)
#2 /var/www/html/cakephp/lib/Cake/Core/App.php(929): call_user_func('ErrorHandler::h...', 1, 'Call to a membe...', '/var/www/html/c...', 59, Array)
#3 /var/www/html/cakephp/lib/Cake/Core/App.php(902): App::_checkFatalError()
#4 [internal function]: App::shutdown()
#5 {main}
2016-10-04 21:17:49 Error: [MissingTableException] Table ciudades for model Ciudade was not found in datasource default.
Exception Attributes: array (
  'table' => 'ciudades',
  'class' => 'Ciudade',
  'ds' => 'default',
)
Request URL: /cakephp/Clientes/editar/5
Stack Trace:
#0 /var/www/html/cakephp/lib/Cake/Model/Model.php(3498): Model->setSource('ciudades')
#1 /var/www/html/cakephp/lib/Cake/Model/Model.php(2902): Model->getDataSource()
#2 /var/www/html/cakephp/lib/Cake/Model/Model.php(2874): Model->_readDataSource('list', Array)
#3 /var/www/html/cakephp/app/Controller/ClientesController.php(59): Model->find('list', Array)
#4 [internal function]: ClientesController->editar('5')
#5 /var/www/html/cakephp/lib/Cake/Controller/Controller.php(490): ReflectionMethod->invokeArgs(Object(ClientesController), Array)
#6 /var/www/html/cakephp/lib/Cake/Routing/Dispatcher.php(185): Controller->invokeAction(Object(CakeRequest))
#7 /var/www/html/cakephp/lib/Cake/Routing/Dispatcher.php(160): Dispatcher->_invoke(Object(ClientesController), Object(CakeRequest), Object(CakeResponse))
#8 /var/www/html/cakephp/app/webroot/index.php(108): Dispatcher->dispatch(Object(CakeRequest), Object(CakeResponse))
#9 {main}
2016-10-04 21:20:35 Error: [MissingTableException] Table ciudades for model Ciudade was not found in datasource default.
Exception Attributes: array (
  'table' => 'ciudades',
  'class' => 'Ciudade',
  'ds' => 'default',
)
Request URL: /cakephp/Clientes/editar/5
Stack Trace:
#0 /var/www/html/cakephp/lib/Cake/Model/Model.php(3498): Model->setSource('ciudades')
#1 /var/www/html/cakephp/lib/Cake/Model/Model.php(2902): Model->getDataSource()
#2 /var/www/html/cakephp/lib/Cake/Model/Model.php(2874): Model->_readDataSource('list', Array)
#3 /var/www/html/cakephp/app/Controller/ClientesController.php(61): Model->find('list', Array)
#4 [internal function]: ClientesController->editar('5')
#5 /var/www/html/cakephp/lib/Cake/Controller/Controller.php(490): ReflectionMethod->invokeArgs(Object(ClientesController), Array)
#6 /var/www/html/cakephp/lib/Cake/Routing/Dispatcher.php(185): Controller->invokeAction(Object(CakeRequest))
#7 /var/www/html/cakephp/lib/Cake/Routing/Dispatcher.php(160): Dispatcher->_invoke(Object(ClientesController), Object(CakeRequest), Object(CakeResponse))
#8 /var/www/html/cakephp/app/webroot/index.php(108): Dispatcher->dispatch(Object(CakeRequest), Object(CakeResponse))
#9 {main}
2016-10-04 21:22:18 Error: [MissingTableException] Table ciudades for model Ciudade was not found in datasource default.
Exception Attributes: array (
  'table' => 'ciudades',
  'class' => 'Ciudade',
  'ds' => 'default',
)
Request URL: /cakephp/Clientes/editar/5
Stack Trace:
#0 /var/www/html/cakephp/lib/Cake/Model/Model.php(3498): Model->setSource('ciudades')
#1 /var/www/html/cakephp/lib/Cake/Model/Model.php(2902): Model->getDataSource()
#2 /var/www/html/cakephp/lib/Cake/Model/Model.php(2874): Model->_readDataSource('list', Array)
#3 /var/www/html/cakephp/app/Controller/ClientesController.php(45): Model->find('list', Array)
#4 [internal function]: ClientesController->editar('5')
#5 /var/www/html/cakephp/lib/Cake/Controller/Controller.php(490): ReflectionMethod->invokeArgs(Object(ClientesController), Array)
#6 /var/www/html/cakephp/lib/Cake/Routing/Dispatcher.php(185): Controller->invokeAction(Object(CakeRequest))
#7 /var/www/html/cakephp/lib/Cake/Routing/Dispatcher.php(160): Dispatcher->_invoke(Object(ClientesController), Object(CakeRequest), Object(CakeResponse))
#8 /var/www/html/cakephp/app/webroot/index.php(108): Dispatcher->dispatch(Object(CakeRequest), Object(CakeResponse))
#9 {main}
2016-10-04 21:23:17 Error: Fatal Error (1): Call to a member function find() on null in [/var/www/html/cakephp/app/Controller/ClientesController.php, line 60]
2016-10-04 21:23:17 Error: [FatalErrorException] Call to a member function find() on null
Request URL: /cakephp/Clientes/editar/5
Stack Trace:
#0 /var/www/html/cakephp/lib/Cake/Error/ErrorHandler.php(203): ErrorHandler::handleFatalError(1, 'Call to a membe...', '/var/www/html/c...', 60)
#1 [internal function]: ErrorHandler::handleError(1, 'Call to a membe...', '/var/www/html/c...', 60, Array)
#2 /var/www/html/cakephp/lib/Cake/Core/App.php(929): call_user_func('ErrorHandler::h...', 1, 'Call to a membe...', '/var/www/html/c...', 60, Array)
#3 /var/www/html/cakephp/lib/Cake/Core/App.php(902): App::_checkFatalError()
#4 [internal function]: App::shutdown()
#5 {main}
2016-10-04 21:23:38 Error: Fatal Error (1): Call to a member function find() on null in [/var/www/html/cakephp/app/Controller/ClientesController.php, line 45]
2016-10-04 21:23:38 Error: [FatalErrorException] Call to a member function find() on null
Request URL: /cakephp/Clientes/editar/5
Stack Trace:
#0 /var/www/html/cakephp/lib/Cake/Error/ErrorHandler.php(203): ErrorHandler::handleFatalError(1, 'Call to a membe...', '/var/www/html/c...', 45)
#1 [internal function]: ErrorHandler::handleError(1, 'Call to a membe...', '/var/www/html/c...', 45, Array)
#2 /var/www/html/cakephp/lib/Cake/Core/App.php(929): call_user_func('ErrorHandler::h...', 1, 'Call to a membe...', '/var/www/html/c...', 45, Array)
#3 /var/www/html/cakephp/lib/Cake/Core/App.php(902): App::_checkFatalError()
#4 [internal function]: App::shutdown()
#5 {main}
2016-10-04 21:23:40 Error: Fatal Error (1): Call to a member function find() on null in [/var/www/html/cakephp/app/Controller/ClientesController.php, line 45]
2016-10-04 21:23:40 Error: [FatalErrorException] Call to a member function find() on null
Request URL: /cakephp/Clientes/editar/5
Stack Trace:
#0 /var/www/html/cakephp/lib/Cake/Error/ErrorHandler.php(203): ErrorHandler::handleFatalError(1, 'Call to a membe...', '/var/www/html/c...', 45)
#1 [internal function]: ErrorHandler::handleError(1, 'Call to a membe...', '/var/www/html/c...', 45, Array)
#2 /var/www/html/cakephp/lib/Cake/Core/App.php(929): call_user_func('ErrorHandler::h...', 1, 'Call to a membe...', '/var/www/html/c...', 45, Array)
#3 /var/www/html/cakephp/lib/Cake/Core/App.php(902): App::_checkFatalError()
#4 [internal function]: App::shutdown()
#5 {main}
2016-10-04 21:42:57 Error: Fatal Error (1): Call to a member function getStatesArray() on null in [/var/www/html/cakephp/app/View/Clientes/insertar.ctp, line 9]
2016-10-04 21:42:57 Error: [FatalErrorException] Call to a member function getStatesArray() on null
Request URL: /cakephp/Clientes/insertar
Stack Trace:
#0 /var/www/html/cakephp/lib/Cake/Error/ErrorHandler.php(203): ErrorHandler::handleFatalError(1, 'Call to a membe...', '/var/www/html/c...', 9)
#1 [internal function]: ErrorHandler::handleError(1, 'Call to a membe...', '/var/www/html/c...', 9, Array)
#2 /var/www/html/cakephp/lib/Cake/Core/App.php(929): call_user_func('ErrorHandler::h...', 1, 'Call to a membe...', '/var/www/html/c...', 9, Array)
#3 /var/www/html/cakephp/lib/Cake/Core/App.php(902): App::_checkFatalError()
#4 [internal function]: App::shutdown()
#5 {main}
2016-10-04 21:45:22 Error: Fatal Error (1): Unsupported operand types in [/var/www/html/cakephp/lib/Cake/View/Helper/FormHelper.php, line 1979]
2016-10-04 21:45:22 Error: [FatalErrorException] Unsupported operand types
Request URL: /cakephp/Clientes/insertar
Stack Trace:
#0 /var/www/html/cakephp/lib/Cake/Error/ErrorHandler.php(203): ErrorHandler::handleFatalError(1, 'Unsupported ope...', '/var/www/html/c...', 1979)
#1 [internal function]: ErrorHandler::handleError(1, 'Unsupported ope...', '/var/www/html/c...', 1979, Array)
#2 /var/www/html/cakephp/lib/Cake/Core/App.php(929): call_user_func('ErrorHandler::h...', 1, 'Unsupported ope...', '/var/www/html/c...', 1979, Array)
#3 /var/www/html/cakephp/lib/Cake/Core/App.php(902): App::_checkFatalError()
#4 [internal function]: App::shutdown()
#5 {main}
2016-10-04 21:45:35 Error: Fatal Error (1): Unsupported operand types in [/var/www/html/cakephp/lib/Cake/View/Helper/FormHelper.php, line 1979]
2016-10-04 21:45:35 Error: [FatalErrorException] Unsupported operand types
Request URL: /cakephp/Clientes/insertar
Stack Trace:
#0 /var/www/html/cakephp/lib/Cake/Error/ErrorHandler.php(203): ErrorHandler::handleFatalError(1, 'Unsupported ope...', '/var/www/html/c...', 1979)
#1 [internal function]: ErrorHandler::handleError(1, 'Unsupported ope...', '/var/www/html/c...', 1979, Array)
#2 /var/www/html/cakephp/lib/Cake/Core/App.php(929): call_user_func('ErrorHandler::h...', 1, 'Unsupported ope...', '/var/www/html/c...', 1979, Array)
#3 /var/www/html/cakephp/lib/Cake/Core/App.php(902): App::_checkFatalError()
#4 [internal function]: App::shutdown()
#5 {main}
2016-10-04 21:49:16 Error: Fatal Error (1): Unsupported operand types in [/var/www/html/cakephp/lib/Cake/View/Helper/FormHelper.php, line 1979]
2016-10-04 21:49:16 Error: [FatalErrorException] Unsupported operand types
Request URL: /cakephp/Clientes/insertar
Stack Trace:
#0 /var/www/html/cakephp/lib/Cake/Error/ErrorHandler.php(203): ErrorHandler::handleFatalError(1, 'Unsupported ope...', '/var/www/html/c...', 1979)
#1 [internal function]: ErrorHandler::handleError(1, 'Unsupported ope...', '/var/www/html/c...', 1979, Array)
#2 /var/www/html/cakephp/lib/Cake/Core/App.php(929): call_user_func('ErrorHandler::h...', 1, 'Unsupported ope...', '/var/www/html/c...', 1979, Array)
#3 /var/www/html/cakephp/lib/Cake/Core/App.php(902): App::_checkFatalError()
#4 [internal function]: App::shutdown()
#5 {main}
2016-10-11 21:40:49 Error: [MissingTableException] Table movimientos for model Movimiento was not found in datasource default.
Exception Attributes: array (
  'table' => 'movimientos',
  'class' => 'Movimiento',
  'ds' => 'default',
)
Request URL: /cakephp/Movimientos
Stack Trace:
#0 /var/www/html/cakephp/lib/Cake/Model/Model.php(3909): Model->setSource('movimientos')
#1 /var/www/html/cakephp/lib/Cake/Model/Model.php(3227): Model->getDataSource()
#2 /var/www/html/cakephp/lib/Cake/Model/Model.php(3197): Model->_readDataSource('all', Array)
#3 /var/www/html/cakephp/app/Controller/MovimientosController.php(8): Model->find('all')
#4 [internal function]: MovimientosController->index()
#5 /var/www/html/cakephp/lib/Cake/Controller/Controller.php(505): ReflectionMethod->invokeArgs(Object(MovimientosController), Array)
#6 /var/www/html/cakephp/lib/Cake/Routing/Dispatcher.php(201): Controller->invokeAction(Object(CakeRequest))
#7 /var/www/html/cakephp/lib/Cake/Routing/Dispatcher.php(173): Dispatcher->_invoke(Object(MovimientosController), Object(CakeRequest), Object(CakeResponse))
#8 /var/www/html/cakephp/app/webroot/index.php(102): Dispatcher->dispatch(Object(CakeRequest), Object(CakeResponse))
#9 {main}
2016-10-12 03:12:58 Error: [MissingViewException] View file "/var/www/html/cakephp/app/View/Productos/insertar.ctp" is missing.
Exception Attributes: array (
  'file' => '/var/www/html/cakephp/app/View/Productos/insertar.ctp',
)
Request URL: /cakephp/Productos/insertar
Stack Trace:
#0 /var/www/html/cakephp/lib/Cake/View/View.php(489): View->_getViewFileName(NULL)
#1 /var/www/html/cakephp/lib/Cake/Controller/Controller.php(1010): View->render(NULL, NULL)
#2 /var/www/html/cakephp/lib/Cake/Routing/Dispatcher.php(208): Controller->render()
#3 /var/www/html/cakephp/lib/Cake/Routing/Dispatcher.php(173): Dispatcher->_invoke(Object(ProductosController), Object(CakeRequest), Object(CakeResponse))
#4 /var/www/html/cakephp/app/webroot/index.php(102): Dispatcher->dispatch(Object(CakeRequest), Object(CakeResponse))
#5 {main}
2016-10-12 03:27:48 Error: Fatal Error (1): Unsupported operand types in [/var/www/html/cakephp/lib/Cake/View/Helper/FormHelper.php, line 2171]
2016-10-12 03:27:48 Error: [FatalErrorException] Unsupported operand types
Request URL: /cakephp/Movimientos/insertar
Stack Trace:
#0 /var/www/html/cakephp/lib/Cake/Error/ErrorHandler.php(204): ErrorHandler::handleFatalError(1, 'Unsupported ope...', '/var/www/html/c...', 2171)
#1 [internal function]: ErrorHandler::handleError(1, 'Unsupported ope...', '/var/www/html/c...', 2171, Array)
#2 /var/www/html/cakephp/lib/Cake/Core/App.php(1032): call_user_func('ErrorHandler::h...', 1, 'Unsupported ope...', '/var/www/html/c...', 2171, Array)
#3 /var/www/html/cakephp/lib/Cake/Core/App.php(1005): App::_checkFatalError()
#4 [internal function]: App::shutdown()
#5 {main}
2016-10-12 13:21:49 Error: Fatal Error (4): syntax error, unexpected ';' in [/var/www/html/cakephp/app/View/Movimientos/insertar.ctp, line 5]
2016-10-12 13:21:49 Error: [FatalErrorException] syntax error, unexpected ';'
Request URL: /cakephp/Movimientos/insertar
Stack Trace:
#0 /var/www/html/cakephp/lib/Cake/Error/ErrorHandler.php(204): ErrorHandler::handleFatalError(4, 'syntax error, u...', '/var/www/html/c...', 5)
#1 [internal function]: ErrorHandler::handleError(4, 'syntax error, u...', '/var/www/html/c...', 5, Array)
#2 /var/www/html/cakephp/lib/Cake/Core/App.php(1032): call_user_func('ErrorHandler::h...', 4, 'syntax error, u...', '/var/www/html/c...', 5, Array)
#3 /var/www/html/cakephp/lib/Cake/Core/App.php(1005): App::_checkFatalError()
#4 [internal function]: App::shutdown()
#5 {main}
2016-10-12 14:27:25 Error: Fatal Error (1): Unsupported operand types in [/var/www/html/cakephp/app/Controller/MovimientosController.php, line 24]
2016-10-12 14:27:25 Error: [FatalErrorException] Unsupported operand types
Request URL: /cakephp/Movimientos/insertar
Stack Trace:
#0 /var/www/html/cakephp/lib/Cake/Error/ErrorHandler.php(204): ErrorHandler::handleFatalError(1, 'Unsupported ope...', '/var/www/html/c...', 24)
#1 [internal function]: ErrorHandler::handleError(1, 'Unsupported ope...', '/var/www/html/c...', 24, Array)
#2 /var/www/html/cakephp/lib/Cake/Core/App.php(1032): call_user_func('ErrorHandler::h...', 1, 'Unsupported ope...', '/var/www/html/c...', 24, Array)
#3 /var/www/html/cakephp/lib/Cake/Core/App.php(1005): App::_checkFatalError()
#4 [internal function]: App::shutdown()
#5 {main}
2016-10-12 14:27:31 Error: [MissingViewException] View file "/var/www/html/cakephp/app/View/Movimientos/editar.ctp" is missing.
Exception Attributes: array (
  'file' => '/var/www/html/cakephp/app/View/Movimientos/editar.ctp',
)
Request URL: /cakephp/Movimientos/editar/1
Stack Trace:
#0 /var/www/html/cakephp/lib/Cake/View/View.php(489): View->_getViewFileName(NULL)
#1 /var/www/html/cakephp/lib/Cake/Controller/Controller.php(1010): View->render(NULL, NULL)
#2 /var/www/html/cakephp/lib/Cake/Routing/Dispatcher.php(208): Controller->render()
#3 /var/www/html/cakephp/lib/Cake/Routing/Dispatcher.php(173): Dispatcher->_invoke(Object(MovimientosController), Object(CakeRequest), Object(CakeResponse))
#4 /var/www/html/cakephp/app/webroot/index.php(102): Dispatcher->dispatch(Object(CakeRequest), Object(CakeResponse))
#5 {main}
2016-10-12 14:28:51 Error: Fatal Error (1): Unsupported operand types in [/var/www/html/cakephp/app/Controller/MovimientosController.php, line 24]
2016-10-12 14:28:51 Error: [FatalErrorException] Unsupported operand types
Request URL: /cakephp/Movimientos/insertar
Stack Trace:
#0 /var/www/html/cakephp/lib/Cake/Error/ErrorHandler.php(204): ErrorHandler::handleFatalError(1, 'Unsupported ope...', '/var/www/html/c...', 24)
#1 [internal function]: ErrorHandler::handleError(1, 'Unsupported ope...', '/var/www/html/c...', 24, Array)
#2 /var/www/html/cakephp/lib/Cake/Core/App.php(1032): call_user_func('ErrorHandler::h...', 1, 'Unsupported ope...', '/var/www/html/c...', 24, Array)
#3 /var/www/html/cakephp/lib/Cake/Core/App.php(1005): App::_checkFatalError()
#4 [internal function]: App::shutdown()
#5 {main}
2016-10-12 19:30:00 Error: Fatal Error (1): Unsupported operand types in [/var/www/html/cakephp/app/Controller/MovimientosController.php, line 24]
2016-10-12 19:30:00 Error: [FatalErrorException] Unsupported operand types
Request URL: /cakephp/Movimientos/insertar
Stack Trace:
#0 /var/www/html/cakephp/lib/Cake/Error/ErrorHandler.php(204): ErrorHandler::handleFatalError(1, 'Unsupported ope...', '/var/www/html/c...', 24)
#1 [internal function]: ErrorHandler::handleError(1, 'Unsupported ope...', '/var/www/html/c...', 24, Array)
#2 /var/www/html/cakephp/lib/Cake/Core/App.php(1032): call_user_func('ErrorHandler::h...', 1, 'Unsupported ope...', '/var/www/html/c...', 24, Array)
#3 /var/www/html/cakephp/lib/Cake/Core/App.php(1005): App::_checkFatalError()
#4 [internal function]: App::shutdown()
#5 {main}
2016-10-13 03:03:25 Error: Fatal Error (4): syntax error, unexpected ';' in [/var/www/html/cakephp/app/View/Layouts/default.ctp, line 32]
2016-10-13 03:03:25 Error: [FatalErrorException] syntax error, unexpected ';'
Request URL: /cakephp/
Stack Trace:
#0 /var/www/html/cakephp/lib/Cake/Error/ErrorHandler.php(204): ErrorHandler::handleFatalError(4, 'syntax error, u...', '/var/www/html/c...', 32)
#1 [internal function]: ErrorHandler::handleError(4, 'syntax error, u...', '/var/www/html/c...', 32, Array)
#2 /var/www/html/cakephp/lib/Cake/Core/App.php(1032): call_user_func('ErrorHandler::h...', 4, 'syntax error, u...', '/var/www/html/c...', 32, Array)
#3 /var/www/html/cakephp/lib/Cake/Core/App.php(1005): App::_checkFatalError()
#4 [internal function]: App::shutdown()
#5 {main}
2016-10-13 03:03:55 Error: [MissingControllerException] Controller class CssController could not be found.
Exception Attributes: array (
  'class' => 'CssController',
  'plugin' => NULL,
)
Request URL: /cakephp/css/style.css
Stack Trace:
#0 /var/www/html/cakephp/app/webroot/index.php(102): Dispatcher->dispatch(Object(CakeRequest), Object(CakeResponse))
#1 {main}
2016-10-13 03:05:39 Error: [MissingControllerException] Controller class CssController could not be found.
Exception Attributes: array (
  'class' => 'CssController',
  'plugin' => NULL,
)
Request URL: /cakephp/css/style.css
Stack Trace:
#0 /var/www/html/cakephp/app/webroot/index.php(102): Dispatcher->dispatch(Object(CakeRequest), Object(CakeResponse))
#1 {main}
2016-10-13 03:06:37 Error: [MissingControllerException] Controller class CssController could not be found.
Exception Attributes: array (
  'class' => 'CssController',
  'plugin' => NULL,
)
Request URL: /cakephp/css/style.css
Stack Trace:
#0 /var/www/html/cakephp/app/webroot/index.php(102): Dispatcher->dispatch(Object(CakeRequest), Object(CakeResponse))
#1 {main}
2016-10-13 03:07:44 Error: Fatal Error (1): Call to undefined method View::page() in [/var/www/html/cakephp/app/View/Layouts/default.ctp, line 46]
2016-10-13 03:07:44 Error: [FatalErrorException] Call to undefined method View::page()
Request URL: /cakephp/
Stack Trace:
#0 /var/www/html/cakephp/lib/Cake/Error/ErrorHandler.php(204): ErrorHandler::handleFatalError(1, 'Call to undefin...', '/var/www/html/c...', 46)
#1 [internal function]: ErrorHandler::handleError(1, 'Call to undefin...', '/var/www/html/c...', 46, Array)
#2 /var/www/html/cakephp/lib/Cake/Core/App.php(1032): call_user_func('ErrorHandler::h...', 1, 'Call to undefin...', '/var/www/html/c...', 46, Array)
#3 /var/www/html/cakephp/lib/Cake/Core/App.php(1005): App::_checkFatalError()
#4 [internal function]: App::shutdown()
#5 {main}
2016-10-13 03:07:44 Error: [MissingControllerException] Controller class CssController could not be found.
Exception Attributes: array (
  'class' => 'CssController',
  'plugin' => NULL,
)
Request URL: /cakephp/css/style.css
Stack Trace:
#0 /var/www/html/cakephp/app/webroot/index.php(102): Dispatcher->dispatch(Object(CakeRequest), Object(CakeResponse))
#1 {main}
2016-10-13 03:07:44 Error: Fatal Error (1): Call to undefined method View::page() in [/var/www/html/cakephp/app/View/Layouts/default.ctp, line 46]
2016-10-13 03:07:44 Error: [FatalErrorException] Call to undefined method View::page()
Request URL: /cakephp/css/style.css
Stack Trace:
#0 /var/www/html/cakephp/lib/Cake/Error/ErrorHandler.php(204): ErrorHandler::handleFatalError(1, 'Call to undefin...', '/var/www/html/c...', 46)
#1 [internal function]: ErrorHandler::handleError(1, 'Call to undefin...', '/var/www/html/c...', 46, Array)
#2 /var/www/html/cakephp/lib/Cake/Core/App.php(1032): call_user_func('ErrorHandler::h...', 1, 'Call to undefin...', '/var/www/html/c...', 46, Array)
#3 /var/www/html/cakephp/lib/Cake/Core/App.php(1005): App::_checkFatalError()
#4 [internal function]: App::shutdown()
#5 {main}
2016-10-13 03:08:16 Error: [MissingControllerException] Controller class CssController could not be found.
Exception Attributes: array (
  'class' => 'CssController',
  'plugin' => NULL,
)
Request URL: /cakephp/css/style.css
Stack Trace:
#0 /var/www/html/cakephp/app/webroot/index.php(102): Dispatcher->dispatch(Object(CakeRequest), Object(CakeResponse))
#1 {main}
2016-10-13 03:08:27 Error: [MissingControllerException] Controller class CssController could not be found.
Exception Attributes: array (
  'class' => 'CssController',
  'plugin' => NULL,
)
Request URL: /cakephp/css/style.css
Stack Trace:
#0 /var/www/html/cakephp/app/webroot/index.php(102): Dispatcher->dispatch(Object(CakeRequest), Object(CakeResponse))
#1 {main}
2016-10-13 03:08:46 Error: [MissingControllerException] Controller class CssController could not be found.
Exception Attributes: array (
  'class' => 'CssController',
  'plugin' => NULL,
)
Request URL: /cakephp/css/bootstrap.min.css.map
Stack Trace:
#0 /var/www/html/cakephp/app/webroot/index.php(102): Dispatcher->dispatch(Object(CakeRequest), Object(CakeResponse))
#1 {main}
2016-10-13 03:08:49 Error: [MissingControllerException] Controller class CssController could not be found.
Exception Attributes: array (
  'class' => 'CssController',
  'plugin' => NULL,
)
Request URL: /cakephp/css/bootstrap-theme.min.css.map
Stack Trace:
#0 /var/www/html/cakephp/app/webroot/index.php(102): Dispatcher->dispatch(Object(CakeRequest), Object(CakeResponse))
#1 {main}
2016-10-13 03:13:33 Error: [MissingControllerException] Controller class CssController could not be found.
Exception Attributes: array (
  'class' => 'CssController',
  'plugin' => NULL,
)
Request URL: /cakephp/css/bootstrap.min.css.map
Stack Trace:
#0 /var/www/html/cakephp/app/webroot/index.php(102): Dispatcher->dispatch(Object(CakeRequest), Object(CakeResponse))
#1 {main}
2016-10-13 03:14:09 Error: [MissingControllerException] Controller class CssController could not be found.
Exception Attributes: array (
  'class' => 'CssController',
  'plugin' => NULL,
)
Request URL: /cakephp/css/bootstrap.min.css.map
Stack Trace:
#0 /var/www/html/cakephp/app/webroot/index.php(102): Dispatcher->dispatch(Object(CakeRequest), Object(CakeResponse))
#1 {main}
2016-10-13 03:22:47 Error: [MissingControllerException] Controller class CssController could not be found.
Exception Attributes: array (
  'class' => 'CssController',
  'plugin' => NULL,
)
Request URL: /cakephp/css/bootstrap.min.css.map
Stack Trace:
#0 /var/www/html/cakephp/app/webroot/index.php(102): Dispatcher->dispatch(Object(CakeRequest), Object(CakeResponse))
#1 {main}
2016-10-13 03:23:39 Error: [MissingControllerException] Controller class CssController could not be found.
Exception Attributes: array (
  'class' => 'CssController',
  'plugin' => NULL,
)
Request URL: /cakephp/css/bootstrap.min.css.map
Stack Trace:
#0 /var/www/html/cakephp/app/webroot/index.php(102): Dispatcher->dispatch(Object(CakeRequest), Object(CakeResponse))
#1 {main}
2016-10-13 07:08:44 Error: [MissingControllerException] Controller class CssController could not be found.
Exception Attributes: array (
  'class' => 'CssController',
  'plugin' => NULL,
)
Request URL: /cakephp/css/bootstrap.min.css.map
Stack Trace:
#0 /var/www/html/cakephp/app/webroot/index.php(102): Dispatcher->dispatch(Object(CakeRequest), Object(CakeResponse))
#1 {main}
2016-10-13 07:08:44 Error: [MissingControllerException] Controller class CssController could not be found.
Exception Attributes: array (
  'class' => 'CssController',
  'plugin' => NULL,
)
Request URL: /cakephp/css/bootstrap-theme.min.css.map
Stack Trace:
#0 /var/www/html/cakephp/app/webroot/index.php(102): Dispatcher->dispatch(Object(CakeRequest), Object(CakeResponse))
#1 {main}
2016-10-13 08:26:53 Error: Fatal Error (4): syntax error, unexpected ',' in [/var/www/html/cakephp/app/Controller/ProductosController.php, line 48]
2016-10-13 08:26:53 Error: [FatalErrorException] syntax error, unexpected ','
Request URL: /cakephp/productos/editar/8
Stack Trace:
#0 /var/www/html/cakephp/lib/Cake/Error/ErrorHandler.php(204): ErrorHandler::handleFatalError(4, 'syntax error, u...', '/var/www/html/c...', 48)
#1 [internal function]: ErrorHandler::handleError(4, 'syntax error, u...', '/var/www/html/c...', 48, Array)
#2 /var/www/html/cakephp/lib/Cake/Core/App.php(1032): call_user_func('ErrorHandler::h...', 4, 'syntax error, u...', '/var/www/html/c...', 48, Array)
#3 /var/www/html/cakephp/lib/Cake/Core/App.php(1005): App::_checkFatalError()
#4 [internal function]: App::shutdown()
#5 {main}
